Error: queryA EREFUSED mail.sujon.oneSat Oct 01 2022 11:02:53 GMT+0600 (Bangladesh Standard Time)
Error: User Already RegisterSat Oct 01 2022 11:27:37 GMT+0600 (Bangladesh Standard Time)
Error: User Not foundSat Oct 01 2022 11:31:03 GMT+0600 (Bangladesh Standard Time)
ValidationError: UserName: Path `UserName` is required., FullName: Path `FullName` is required.Sat Oct 01 2022 11:36:02 GMT+0600 (Bangladesh Standard Time)
Error: User Already RegisterSat Oct 01 2022 11:38:36 GMT+0600 (Bangladesh Standard Time)
Error: User Already RegisterSat Oct 01 2022 11:38:46 GMT+0600 (Bangladesh Standard Time)
Error: User Already RegisterSat Oct 01 2022 11:45:45 GMT+0600 (Bangladesh Standard Time)
Error: User Already RegisterSat Oct 01 2022 11:45:55 GMT+0600 (Bangladesh Standard Time)
Error: User Already RegisterSat Oct 01 2022 11:45:57 GMT+0600 (Bangladesh Standard Time)
MongoServerError: E11000 duplicate key error collection: resume.users index: Phone_1 dup key: { Phone: "8801772703036" }Sat Oct 01 2022 11:46:16 GMT+0600 (Bangladesh Standard Time)
MongoServerError: E11000 duplicate key error collection: resume.users index: Phone_1 dup key: { Phone: "8801772703036" }Sat Oct 01 2022 11:46:20 GMT+0600 (Bangladesh Standard Time)
MongoServerError: E11000 duplicate key error collection: resume.users index: Phone_1 dup key: { Phone: "8801772703036" }Sat Oct 01 2022 11:47:38 GMT+0600 (Bangladesh Standard Time)
Error: User Already RegisterSat Oct 01 2022 11:47:49 GMT+0600 (Bangladesh Standard Time)
Error: queryA EREFUSED mail.sujon.oneSat Oct 01 2022 12:07:43 GMT+0600 (Bangladesh Standard Time)
Error: User Not foundSat Oct 01 2022 12:20:06 GMT+0600 (Bangladesh Standard Time)
ReferenceError: Email is not definedSat Oct 01 2022 12:24:28 GMT+0600 (Bangladesh Standard Time)
Error: User Not foundSat Oct 01 2022 12:25:14 GMT+0600 (Bangladesh Standard Time)
Error: User Not foundSat Oct 01 2022 12:28:03 GMT+0600 (Bangladesh Standard Time)
Error: User Not foundSat Oct 01 2022 12:28:06 GMT+0600 (Bangladesh Standard Time)
Error: User Not foundSat Oct 01 2022 12:28:06 GMT+0600 (Bangladesh Standard Time)
Error: User Not foundSat Oct 01 2022 12:28:06 GMT+0600 (Bangladesh Standard Time)
Error: User Not foundSat Oct 01 2022 12:28:06 GMT+0600 (Bangladesh Standard Time)
Error: User Not foundSat Oct 01 2022 12:28:06 GMT+0600 (Bangladesh Standard Time)
Error: Unauthorized CredentialsSat Oct 01 2022 12:28:18 GMT+0600 (Bangladesh Standard Time)
Error: queryA EREFUSED mail.sujon.oneSat Oct 01 2022 12:32:49 GMT+0600 (Bangladesh Standard Time)
Error: queryA EREFUSED mail.sujon.oneSat Oct 01 2022 12:34:59 GMT+0600 (Bangladesh Standard Time)
Error: queryA EREFUSED mail.sujon.oneSat Oct 01 2022 12:42:34 GMT+0600 (Bangladesh Standard Time)
Error: queryA EREFUSED mail.sujon.oneSat Oct 01 2022 12:43:53 GMT+0600 (Bangladesh Standard Time)
Error: queryA EREFUSED mail.sujon.oneSat Oct 01 2022 12:45:02 GMT+0600 (Bangladesh Standard Time)
Error: queryA EREFUSED mail.sujon.oneSat Oct 01 2022 12:47:02 GMT+0600 (Bangladesh Standard Time)
Error: queryA EREFUSED mail.sujon.oneSat Oct 01 2022 12:47:09 GMT+0600 (Bangladesh Standard Time)
Error: queryA EREFUSED mail.sujon.oneSat Oct 01 2022 12:47:18 GMT+0600 (Bangladesh Standard Time)
Error: queryA EREFUSED mail.sujon.oneSat Oct 01 2022 13:50:11 GMT+0600 (Bangladesh Standard Time)
Error: queryA EREFUSED smtp.gmail.comSat Oct 01 2022 13:53:10 GMT+0600 (Bangladesh Standard Time)
Error: queryA EREFUSED smtp.gmail.comSat Oct 01 2022 13:53:20 GMT+0600 (Bangladesh Standard Time)
Error: queryA EREFUSED smtp.gmail.comSat Oct 01 2022 13:54:04 GMT+0600 (Bangladesh Standard Time)
Error: queryA EREFUSED smtp.gmail.comSat Oct 01 2022 13:54:05 GMT+0600 (Bangladesh Standard Time)
Error: queryA EREFUSED mail.sujon.oneSat Oct 01 2022 13:54:17 GMT+0600 (Bangladesh Standard Time)
Error: Unauthorized CredentialsSat Oct 01 2022 13:56:07 GMT+0600 (Bangladesh Standard Time)
Error: queryA EREFUSED mail.sujon.oneSat Oct 01 2022 16:34:34 GMT+0600 (Bangladesh Standard Time)
Error: Unauthorized CredentialsSat Oct 01 2022 17:16:47 GMT+0600 (Bangladesh Standard Time)
Error: Unauthorized CredentialsSat Oct 01 2022 17:16:49 GMT+0600 (Bangladesh Standard Time)
Error: Your Requested Content was not found on this ServerSat Oct 01 2022 18:03:25 GMT+0600 (Bangladesh Standard Time)
Error: Your Requested Content was not found on this ServerSat Oct 01 2022 18:03:26 GMT+0600 (Bangladesh Standard Time)
Error: Your Requested Content was not found on this ServerSat Oct 01 2022 18:03:47 GMT+0600 (Bangladesh Standard Time)
Error: Your Requested Content was not found on this ServerSat Oct 01 2022 18:03:48 GMT+0600 (Bangladesh Standard Time)
Error: Your Requested Content was not found on this ServerSat Oct 01 2022 18:03:49 GMT+0600 (Bangladesh Standard Time)
Error: Your Requested Content was not found on this ServerSat Oct 01 2022 18:04:12 GMT+0600 (Bangladesh Standard Time)
Error: User Not foundSun Oct 02 2022 10:45:33 GMT+0600 (Bangladesh Standard Time)
Error: User Not foundSun Oct 02 2022 10:45:51 GMT+0600 (Bangladesh Standard Time)
Error: Unauthorized CredentialsSun Oct 02 2022 10:48:23 GMT+0600 (Bangladesh Standard Time)
